<?xml version="1.0" encoding="utf-8"?>
<!DOCTYPE coverage SYSTEM "http://cobertura.sourceforge.net/xml/coverage-04.dtd">
<coverage line-rate="0.6245714285714286" branch-rate="1" lines-covered="3279" lines-valid="5250" branches-covered="0" branches-valid="0" complexity="NaN" version="0" timestamp="1785968359">
  <sources />
  <packages>
    <package name="PokemonBattleJournal.dll" line-rate="0.6188358151228003" branch-rate="1" complexity="NaN">
      <classes>
        <class name="__XamlGeneratedCode__.__Type44FA41FF5D21D4FC" filename="C:\Users\pinku\source\repos\PinKushin\PokemonBattleJournal\PokemonBattleJournal\obj\Debug\net10.0-windows10.0.19041.0\win-x64\Microsoft.Maui.Controls.SourceGen\Microsoft.Maui.Controls.SourceGen.XamlGenerator\Resources_Styles_Styles.xaml.sg.cs" line-rate="1" branch-rate="1" complexity="NaN">
          <methods>
            <method name="__Type44FA41FF5D21D4FC" signature="()" line-rate="1" branch-rate="1">
              <lines>
                <line number="18" hits="1" branch="false" />
              </lines>
            </method>
            <method name="InitializeComponent" signature="()" line-rate="1" branch-rate="1">
              <lines>
                <line number="22" hits="1" branch="false" />
                <line number="24" hits="1" branch="false" />
                <line number="26" hits="1" branch="false" />
              </lines>
            </method>
          </methods>
          <lines>
            <line number="18" hits="1" branch="false" />
            <line number="22" hits="1" branch="false" />
            <line number="24" hits="1" branch="false" />
            <line number="26" hits="1" branch="false" />
          </lines>
        </class>
        <class name="__XamlGeneratedCode__.__Type7343EB074BBF6062" filename="C:\Users\pinku\source\repos\PinKushin\PokemonBattleJournal\PokemonBattleJournal\obj\Debug\net10.0-windows10.0.19041.0\win-x64\Microsoft.Maui.Controls.SourceGen\Microsoft.Maui.Controls.SourceGen.XamlGenerator\Resources_Styles_Colors.xaml.sg.cs" line-rate="1" branch-rate="1" complexity="NaN">
          <methods>
            <method name="__Type7343EB074BBF6062" signature="()" line-rate="1" branch-rate="1">
              <lines>
                <line number="18" hits="1" branch="false" />
              </lines>
            </method>
            <method name="InitializeComponent" signature="()" line-rate="1" branch-rate="1">
              <lines>
                <line number="22" hits="1" branch="false" />
                <line number="24" hits="1" branch="false" />
                <line number="26" hits="1" branch="false" />
              </lines>
            </method>
          </methods>
          <lines>
            <line number="18" hits="1" branch="false" />
            <line number="22" hits="1" branch="false" />
            <line number="24" hits="1" branch="false" />
            <line number="26" hits="1" branch="false" />
          </lines>
        </class>
        <class name="Microsoft.Maui.Controls.Generated.GeneratedBindingInterceptors" filename="C:\Users\pinku\source\repos\PinKushin\PokemonBattleJournal\PokemonBattleJournal\obj\Debug\net10.0-windows10.0.19041.0\win-x64\Microsoft.Maui.Controls.BindingSourceGen\Microsoft.Maui.Controls.BindingSourceGen.BindingSourceGenerator\GeneratedBindingInterceptorsCommon.g.cs" line-rate="0" branch-rate="1" complexity="NaN">
          <methods>
            <method name="ShouldUseSetter" signature="(Microsoft.Maui.Controls.BindingMode, Microsoft.Maui.Controls.BindableProperty)" line-rate="0" branch-rate="1">
              <lines>
                <line number="17" hits="0" branch="false" />
                <line number="18" hits="0" branch="false" />
                <line number="19" hits="0" branch="false" />
                <line number="20" hits="0" branch="false" />
                <line number="21" hits="0" branch="false" />
              </lines>
            </method>
            <method name="ShouldUseSetter" signature="(Microsoft.Maui.Controls.BindingMode)" line-rate="0" branch-rate="1">
              <lines>
                <line number="24" hits="0" branch="false" />
                <line number="25" hits="0" branch="false" />
                <line number="26" hits="0" branch="false" />
              </lines>
            </method>
          </methods>
          <lines>
            <line number="17" hits="0" branch="false" />
            <line number="18" hits="0" branch="false" />
            <line number="19" hits="0" branch="false" />
            <line number="20" hits="0" branch="false" />
            <line number="21" hits="0" branch="false" />
            <line number="24" hits="0" branch="false" />
            <line number="25" hits="0" branch="false" />
            <line number="26" hits="0" branch="false" />
          </lines>
        </class>
        <class name="Microsoft.Windows.ApplicationModel.WindowsAppRuntime.Common.AutoInitialize" filename="C:\Users\pinku\.nuget\packages\microsoft.windowsappsdk.foundation\2.1.0\include\WindowsAppRuntimeAutoInitializer.cs" line-rate="1" branch-rate="1" complexity="NaN">
          <methods>
            <method name="InitializeWindowsAppSDK" signature="()" line-rate="1" branch-rate="1">
              <lines>
                <line number="16" hits="1" branch="false" />
                <line number="25" hits="1" branch="false" />
                <line number="32" hits="1" branch="false" />
              </lines>
            </method>
          </methods>
          <lines>
            <line number="16" hits="1" branch="false" />
            <line number="25" hits="1" branch="false" />
            <line number="32" hits="1" branch="false" />
          </lines>
        </class>
        <class name="Microsoft.Windows.Foundation.UndockedRegFreeWinRTCS.AutoInitialize" filename="C:\Users\pinku\.nuget\packages\microsoft.windowsappsdk.foundation\2.1.0\include\UndockedRegFreeWinRT-AutoInitializer.cs" line-rate="1" branch-rate="1" complexity="NaN">
          <methods>
            <method name="AccessWindowsAppSDK" signature="()" line-rate="1" branch-rate="1">
              <lines>
                <line number="25" hits="1" branch="false" />
                <line number="27" hits="1" branch="false" />
                <line number="33" hits="1" branch="false" />
                <line number="34" hits="1" branch="false" />
              </lines>
            </method>
          </methods>
          <lines>
            <line number="25" hits="1" branch="false" />
            <line number="27" hits="1" branch="false" />
            <line number="33" hits="1" branch="false" />
            <line number="34" hits="1" branch="false" />
          </lines>
        </class>
        <class name="PokemonBattleJournal.App" filename="C:\Users\pinku\source\repos\PinKushin\PokemonBattleJournal\PokemonBattleJournal\App.xaml.cs" line-rate="1" branch-rate="1" complexity="NaN">
          <methods>
            <method name="App" signature="(Microsoft.Extensions.Logging.ILogger&lt;PokemonBattleJournal.App&gt;, PokemonBattleJournal.AppShell, PokemonBattleJournal.Interfaces.ISqliteConnectionFactory)" line-rate="1" branch-rate="1">
              <lines>
                <line number="9" hits="1" branch="false" />
                <line number="10" hits="1" branch="false" />
                <line number="11" hits="1" branch="false" />
                <line number="12" hits="1" branch="false" />
                <line number="13" hits="1" branch="false" />
                <line number="15" hits="1" branch="false" />
                <line number="17" hits="1" branch="false" />
              </lines>
            </method>
            <method name="CreateWindow" signature="(Microsoft.Maui.IActivationState)" line-rate="1" branch-rate="1">
              <lines>
                <line number="19" hits="1" branch="false" />
              </lines>
            </method>
          </methods>
          <lines>
            <line number="9" hits="1" branch="false" />
            <line number="10" hits="1" branch="false" />
            <line number="11" hits="1" branch="false" />
            <line number="12" hits="1" branch="false" />
            <line number="13" hits="1" branch="false" />
            <line number="15" hits="1" branch="false" />
            <line number="17" hits="1" branch="false" />
            <line number="19" hits="1" branch="false" />
          </lines>
        </class>
        <class name="PokemonBattleJournal.App" filename="C:\Users\pinku\source\repos\PinKushin\PokemonBattleJournal\PokemonBattleJournal\obj\Debug\net10.0-windows10.0.19041.0\win-x64\Microsoft.Maui.Controls.SourceGen\Microsoft.Maui.Controls.SourceGen.XamlGenerator\App.xaml.sg.cs" line-rate="1" branch-rate="1" complexity="NaN">
          <methods>
            <method name="InitializeComponent" signature="()" line-rate="1" branch-rate="1">
              <lines>
                <line number="18" hits="1" branch="false" />
                <line number="20" hits="1" branch="false" />
                <line number="22" hits="1" branch="false" />
              </lines>
            </method>
          </methods>
          <lines>
            <line number="18" hits="1" branch="false" />
            <line number="20" hits="1" branch="false" />
            <line number="22" hits="1" branch="false" />
          </lines>
        </class>
        <class name="PokemonBattleJournal.AppShell" filename="C:\Users\pinku\source\repos\PinKushin\PokemonBattleJournal\PokemonBattleJournal\AppShell.xaml.cs" line-rate="1" branch-rate="1" complexity="NaN">
          <methods>
            <method name="AppShell" signature="(PokemonBattleJournal.ViewModels.AppShellViewModel)" line-rate="1" branch-rate="1">
              <lines>
                <line number="5" hits="1" branch="false" />
                <line number="6" hits="1" branch="false" />
                <line number="7" hits="1" branch="false" />
                <line number="8" hits="1" branch="false" />
                <line number="9" hits="1" branch="false" />
                <line number="10" hits="1" branch="false" />
              </lines>
            </method>
            <method name="-ctor" signature="()" line-rate="1" branch-rate="1">
              <lines>
                <line number="9" hits="1" branch="false" />
              </lines>
            </method>
          </methods>
          <lines>
            <line number="5" hits="1" branch="false" />
            <line number="6" hits="1" branch="false" />
            <line number="7" hits="1" branch="false" />
            <line number="8" hits="1" branch="false" />
            <line number="9" hits="1" branch="false" />
            <line number="10" hits="1" branch="false" />
          </lines>
        </class>
        <class name="PokemonBattleJournal.AppShell" filename="C:\Users\pinku\source\repos\PinKushin\PokemonBattleJournal\PokemonBattleJournal\obj\Debug\net10.0-windows10.0.19041.0\win-x64\Microsoft.Maui.Controls.SourceGen\Microsoft.Maui.Controls.SourceGen.XamlGenerator\AppShell.xaml.sg.cs" line-rate="1" branch-rate="1" complexity="NaN">
          <methods>
            <method name="InitializeComponent" signature="()" line-rate="1" branch-rate="1">
              <lines>
                <line number="24" hits="1" branch="false" />
                <line number="26" hits="1" branch="false" />
                <line number="27" hits="1" branch="false" />
                <line number="29" hits="1" branch="false" />
              </lines>
            </method>
          </methods>
          <lines>
            <line number="24" hits="1" branch="false" />
            <line number="26" hits="1" branch="false" />
            <line number="27" hits="1" branch="false" />
            <line number="29" hits="1" branch="false" />
          </lines>
        </class>
        <class name="PokemonBattleJournal.Constants" filename="C:\Users\pinku\source\repos\PinKushin\PokemonBattleJournal\PokemonBattleJournal\Constants.cs" line-rate="1" branch-rate="1" complexity="NaN">
          <methods>
            <method name="DatabasePath" signature="()" line-rate="1" branch-rate="1" complexity="NaN">
              <lines>
                <line number="15" hits="1" branch="false" />
                <line number="16" hits="1" branch="false" />
                <line number="17" hits="1" branch="false" />
              </lines>
            </method>
          </methods>
          <lines>
            <line number="15" hits="1" branch="false" />
            <line number="16" hits="1" branch="false" />
            <line number="17" hits="1" branch="false" />
          </lines>
        </class>
        <class name="PokemonBattleJournal.Controls.ComboBoxControl" filename="C:\Users\pinku\source\repos\PinKushin\PokemonBattleJournal\PokemonBattleJournal\Controls\ComboBoxControl\ComboBoxControl.cs" line-rate="0.8701298701298701" branch-rate="1" complexity="NaN">
          <methods>
            <method name="ItemsSource" signature="()" line-rate="1" branch-rate="1" complexity="NaN">
              <lines>
                <line number="71" hits="1" branch="false" />
              </lines>
            </method>
            <method name="ItemsSource" signature="(System.Collections.IEnumerable)" line-rate="0" branch-rate="1" complexity="NaN">
              <lines>
                <line number="72" hits="0" branch="false" />
              </lines>
            </method>
            <method name="SelectedItem" signature="()" line-rate="1" branch-rate="1" complexity="NaN">
              <lines>
                <line number="77" hits="1" branch="false" />
              </lines>
            </method>
            <method name="SelectedItem" signature="(object)" line-rate="1" branch-rate="1" complexity="NaN">
              <lines>
                <line number="78" hits="1" branch="false" />
              </lines>
            </method>
            <method name="DisplayMemberPath" signature="()" line-rate="1" branch-rate="1" complexity="NaN">
              <lines>
                <line number="83" hits="1" branch="false" />
              </lines>
            </method>
            <method name="DisplayMemberPath" signature="(string)" line-rate="0" branch-rate="1" complexity="NaN">
              <lines>
                <line number="84" hits="0" branch="false" />
              </lines>
            </method>
            <method name="ImageMemberPath" signature="()" line-rate="1" branch-rate="1" complexity="NaN">
              <lines>
                <line number="89" hits="1" branch="false" />
              </lines>
            </method>
            <method name="ImageMemberPath" signature="(string)" line-rate="0" branch-rate="1" complexity="NaN">
              <lines>
                <line number="90" hits="0" branch="false" />
              </lines>
            </method>
            <method name="ImageMemberPath2" signature="()" line-rate="1" branch-rate="1" complexity="NaN">
              <lines>
                <line number="95" hits="1" branch="false" />
              </lines>
            </method>
            <method name="ImageMemberPath2" signature="(string)" line-rate="0" branch-rate="1" complexity="NaN">
              <lines>
                <line number="96" hits="0" branch="false" />
              </lines>
            </method>
            <method name="Placeholder" signature="()" line-rate="1" branch-rate="1" complexity="NaN">
              <lines>
                <line number="101" hits="1" branch="false" />
              </lines>
            </method>
            <method name="Placeholder" signature="(string)" line-rate="0" branch-rate="1" complexity="NaN">
              <lines>
                <line number="102" hits="0" branch="false" />
              </lines>
            </method>
            <method name="StrokeColor" signature="()" line-rate="1" branch-rate="1" complexity="NaN">
              <lines>
                <line number="107" hits="1" branch="false" />
              </lines>
            </method>
            <method name="StrokeColor" signature="(Microsoft.Maui.Graphics.Color)" line-rate="0" branch-rate="1" complexity="NaN">
              <lines>
                <line number="108" hits="0" branch="false" />
              </lines>
            </method>
            <method name="StrokeThickness" signature="()" line-rate="1" branch-rate="1" complexity="NaN">
              <lines>
                <line number="113" hits="1" branch="false" />
              </lines>
            </method>
            <method name="StrokeThickness" signature="(double)" line-rate="0" branch-rate="1" complexity="NaN">
              <lines>
                <line number="114" hits="0" branch="false" />
              </lines>
            </method>
            <method name="BackgroundColor" signature="()" line-rate="1" branch-rate="1" complexity="NaN">
              <lines>
                <line number="119" hits="1" branch="false" />
              </lines>
            </method>
            <method name="BackgroundColor" signature="(Microsoft.Maui.Graphics.Color)" line-rate="0" branch-rate="1" complexity="NaN">
              <lines>
                <line number="120" hits="0" branch="false" />
              </lines>
            </method>
            <method name="TextColor" signature="()" line-rate="1" branch-rate="1" complexity="NaN">
              <lines>
                <line number="125" hits="1" branch="false" />
              </lines>
            </method>
            <method name="TextColor" signature="(Microsoft.Maui.Graphics.Color)" line-rate="0" branch-rate="1" complexity="NaN">
              <lines>
                <line number="126" hits="0" branch="false" />
              </lines>
            </method>
            <method name="ArrowColor" signature="()" line-rate="1" branch-rate="1" complexity="NaN">
              <lines>
                <line number="131" hits="1" branch="false" />
              </lines>
            </method>
            <method name="ArrowColor" signature="(Microsoft.Maui.Graphics.Color)" line-rate="0" branch-rate="1" complexity="NaN">
              <lines>
                <line number="132" hits="0" branch="false" />
              </lines>
            </method>
            <method name="PopupBackgroundColor" signature="()" line-rate="1" branch-rate="1" complexity="NaN">
              <lines>
                <line number="137" hits="1" branch="false" />
              </lines>
            </method>
            <method name="PopupBackgroundColor" signature="(Microsoft.Maui.Graphics.Color)" line-rate="0" branch-rate="1" complexity="NaN">
              <lines>
                <line number="138" hits="0" branch="false" />
              </lines>
            </method>
            <method name="PopupAccentColor" signature="()" line-rate="1" branch-rate="1" complexity="NaN">
              <lines>
                <line number="143" hits="1" branch="false" />
              </lines>
            </method>
            <method name="PopupAccentColor" signature="(Microsoft.Maui.Graphics.Color)" line-rate="0" branch-rate="1" complexity="NaN">
              <lines>
                <line number="144" hits="0" branch="false" />
              </lines>
            </method>
            <method name="ItemHeight" signature="()" line-rate="1" branch-rate="1" complexity="NaN">
              <lines>
                <line number="149" hits="1" branch="false" />
              </lines>
            </method>
            <method name="ItemHeight" signature="(double)" line-rate="0" branch-rate="1" complexity="NaN">
              <lines>
                <line number="150" hits="0" branch="false" />
              </lines>
            </method>
            <method name="PopupWidth" signature="()" line-rate="1" branch-rate="1" complexity="NaN">
              <lines>
                <line number="155" hits="1" branch="false" />
              </lines>
            </method>
            <method name="PopupWidth" signature="(double)" line-rate="0" branch-rate="1" complexity="NaN">
              <lines>
                <line number="156" hits="0" branch="false" />
              </lines>
            </method>
            <method name="ComboBoxControl" signature="()" line-rate="1" branch-rate="1">
              <lines>
                <line number="159" hits="1" branch="false" />
                <line number="160" hits="1" branch="false" />
                <line number="161" hits="1" branch="false" />
                <line number="162" hits="1" branch="false" />
                <line number="163" hits="1" branch="false" />
                <line number="164" hits="1" branch="false" />
                <line number="165" hits="1" branch="false" />
                <line number="166" hits="1" branch="false" />
                <line number="167" hits="1" branch="false" />
                <line number="168" hits="1" branch="false" />
                <line number="169" hits="1" branch="false" />
                <line number="170" hits="1" branch="false" />
                <line number="171" hits="1" branch="false" />
                <line number="173" hits="1" branch="false" />
                <line number="174" hits="1" branch="false" />
                <line number="175" hits="1" branch="false" />
                <line number="176" hits="1" branch="false" />
                <line number="177" hits="1" branch="false" />
                <line number="178" hits="1" branch="false" />
                <line number="179" hits="1" branch="false" />
                <line number="180" hits="1" branch="false" />
                <line number="181" hits="1" branch="false" />
                <line number="183" hits="1" branch="false" />
                <line number="184" hits="1" branch="false" />
                <line number="185" hits="1" branch="false" />
                <line number="186" hits="1" branch="false" />
                <line number="187" hits="1" branch="false" />
                <line number="188" hits="1" branch="false" />
                <line number="189" hits="1" branch="false" />
                <line number="190" hits="1" branch="false" />
                <line number="192" hits="1" branch="false" />
                <line number="193" hits="1" branch="false" />
                <line number="194" hits="1" branch="false" />
                <line number="195" hits="1" branch="false" />
                <line number="196" hits="1" branch="false" />
                <line number="197" hits="1" branch="false" />
                <line number="198" hits="1" branch="false" />
                <line number="200" hits="1" branch="false" />
                <line number="201" hits="1" branch="false" />
                <line number="202" hits="1" branch="false" />
                <line number="203" hits="1" branch="false" />
                <line number="204" hits="1" branch="false" />
                <line number="205" hits="1" branch="false" />
                <line number="206" hits="1" branch="false" />
                <line number="207" hits="1" branch="false" />
                <line number="208" hits="1" branch="false" />
                <line number="210" hits="1" branch="false" />
                <line number="211" hits="1" branch="false" />
                <line number="212" hits="1" branch="false" />
                <line number="213" hits="1" branch="false" />
                <line number="214" hits="1" branch="false" />
                <line number="215" hits="1" branch="false" />
                <line number="216" hits="1" branch="false" />
                <line number="217" hits="1" branch="false" />
                <line number="218" hits="1" branch="false" />
                <line number="220" hits="1" branch="false" />
                <line number="221" hits="1" branch="false" />
                <line number="222" hits="1" branch="false" />
                <line number="223" hits="1" branch="false" />
                <line number="224" hits="1" branch="false" />
                <line number="225" hits="1" branch="false" />
                <line number="226" hits="1" branch="false" />
                <line number="228" hits="1" branch="false" />
                <line number="229" hits="1" branch="false" />
                <line number="230" hits="1" branch="false" />
                <line number="231" hits="1" branch="false" />
                <line number="232" hits="1" branch="false" />
                <line number="233" hits="1" branch="false" />
                <line number="234" hits="1" branch="false" />
                <line number="235" hits="1" branch="false" />
                <line number="236" hits="1" branch="false" />
                <line number="237" hits="1" branch="false" />
                <line number="238" hits="1" branch="false" />
                <line number="239" hits="1" branch="false" />
                <line number="240" hits="1" branch="false" />
                <line number="242" hits="1" branch="false" />
                <line number="243" hits="1" branch="false" />
                <line number="244" hits="1" branch="false" />
                <line number="245" hits="1" branch="false" />
                <line number="246" hits="1" branch="false" />
                <line number="247" hits="1" branch="false" />
                <line number="248" hits="1" branch="false" />
                <line number="249" hits="1" branch="false" />
                <line number="250" hits="1" branch="false" />
                <line number="252" hits="1" branch="false" />
                <line number="253" hits="1" branch="false" />
                <line number="254" hits="1" branch="false" />
                <line number="256" hits="1" branch="false" />
                <line number="258" hits="1" branch="false" />
                <line number="259" hits="1" branch="false" />
              </lines>
            </method>
            <method name="OnSelectedItemChanged" signature="(Microsoft.Maui.Controls.BindableObject, object, object)" line-rate="1" branch-rate="1">
              <lines>
                <line number="262" hits="1" branch="false" />
                <line number="263" hits="1" branch="false" />
                <line number="264" hits="1" branch="false" />
                <line number="265" hits="1" branch="false" />
                <line number="266" hits="1" branch="false" />
                <line number="267" hits="1" branch="false" />
              </lines>
            </method>
            <method name="UpdateDisplay" signature="()" line-rate="1" branch-rate="1">
              <lines>
                <line number="270" hits="1" branch="false" />
                <line number="271" hits="1" branch="false" />
                <line number="273" hits="1" branch="false" />
                <line number="274" hits="1" branch="false" />
                <line number="275" hits="1" branch="false" />
                <line number="276" hits="1" branch="false" />
                <line number="277" hits="1" branch="false" />
                <line number="278" hits="1" branch="false" />
                <line number="279" hits="1" branch="false" />
                <line number="280" hits="1" branch="false" />
                <line number="281" hits="1" branch="false" />
                <line number="282" hits="1" branch="false" />
                <line number="283" hits="1" branch="false" />
                <line number="284" hits="1" branch="false" />
                <line number="285" hits="1" branch="false" />
                <line number="287" hits="1" branch="false" />
                <line number="288" hits="1" branch="false" />
                <line number="289" hits="1" branch="false" />
                <line number="290" hits="1" branch="false" />
                <line number="291" hits="1" branch="false" />
                <line number="292" hits="1" branch="false" />
                <line number="293" hits="1" branch="false" />
              </lines>
            </method>
            <method name="ComboBoxControl" signature="()" line-rate="1" branch-rate="1">
              <lines>
                <line number="23" hits="1" branch="false" />
                <line number="24" hits="1" branch="false" />
                <line number="26" hits="1" branch="false" />
                <line number="27" hits="1" branch="false" />
                <line number="28" hits="1" branch="false" />
                <line number="30" hits="1" branch="false" />
                <line number="31" hits="1" branch="false" />
                <line number="33" hits="1" branch="false" />
                <line number="34" hits="1" branch="false" />
                <line number="36" hits="1" branch="false" />
                <line number="37" hits="1" branch="false" />
                <line number="39" hits="1" branch="false" />
                <line number="40" hits="1" branch="false" />
                <line number="42" hits="1" branch="false" />
                <line number="43" hits="1" branch="false" />
                <line number="45" hits="1" branch="false" />
                <line number="46" hits="1" branch="false" />
                <line number="48" hits="1" branch="false" />
                <line number="49" hits="1" branch="false" />
                <line number="51" hits="1" branch="false" />
                <line number="52" hits="1" branch="false" />
                <line number="54" hits="1" branch="false" />
                <line number="55" hits="1" branch="false" />
                <line number="57" hits="1" branch="false" />
                <line number="58" hits="1" branch="false" />
                <line number="60" hits="1" branch="false" />
                <line number="61" hits="1" branch="false" />
                <line number="63" hits="1" branch="false" />
                <line number="64" hits="1" branch="false" />
                <line number="66" hits="1" branch="false" />
                <line number="67" hits="1" branch="false" />
              </lines>
            </method>
            <method name="LogPopupEventAsync" signature="()" line-rate="0.5384615384615384" branch-rate="1">
              <lines>
                <line number="296" hits="1" branch="false" />
                <line number="298" hits="1" branch="false" />
                <line number="299" hits="1" branch="false" />
                <line number="300" hits="1" branch="false" />
                <line number="301" hits="1" branch="false" />
                <line number="302" hits="0" branch="false" />
                <line number="303" hits="0" branch="false" />
                <line number="305" hits="0" branch="false" />
                <line number="306" hits="0" branch="false" />
                <line number="307" hits="0" branch="false" />
                <line number="309" hits="0" branch="false" />
                <line number="310" hits="1" branch="false" />
                <line number="311" hits="1" branch="false" />
              </lines>
            </method>
            <method name="OnTapped" signature="()" line-rate="0.7435897435897436" branch-rate="1">
              <lines>
                <line number="314" hits="1" branch="false" />
                <line number="316" hits="1" branch="false" />
                <line number="317" hits="1" branch="false" />
                <line number="318" hits="1" branch="false" />
                <line number="319" hits="0" branch="false" />
                <line number="320" hits="0" branch="false" />
                <line number="321" hits="0" branch="false" />
                <line number="324" hits="1" branch="false" />
                <line number="325" hits="1" branch="false" />
                <line number="326" hits="1" branch="false" />
                <line number="327" hits="1" branch="false" />
                <line number="328" hits="1" branch="false" />
                <line number="329" hits="1" branch="false" />
                <line number="330" hits="1" branch="false" />
                <line number="331" hits="1" branch="false" />
                <line number="332" hits="1" branch="false" />
                <line number="333" hits="1" branch="false" />
                <line number="335" hits="1" branch="false" />
                <line number="336" hits="1" branch="false" />
                <line number="337" hits="1" branch="false" />
                <line number="338" hits="0" branch="false" />
                <line number="339" hits="0" branch="false" />
                <line number="340" hits="0" branch="false" />
                <line number="343" hits="1" branch="false" />
                <line number="344" hits="1" branch="false" />
                <line number="345" hits="1" branch="false" />
                <line number="346" hits="1" branch="false" />
                <line number="347" hits="1" branch="false" />
                <line number="348" hits="1" branch="false" />
                <line number="350" hits="1" branch="false" />
                <line number="351" hits="1" branch="false" />
                <line number="352" hits="1" branch="false" />
                <line number="353" hits="1" branch="false" />
                <line number="354" hits="1" branch="false" />
                <line number="355" hits="0" branch="false" />
                <line number="356" hits="0" branch="false" />
                <line number="357" hits="0" branch="false" />
                <line number="358" hits="0" branch="false" />
                <line number="359" hits="1" branch="false" />
              </lines>
            </method>
          </methods>
          <lines>
            <line number="23" hits="1" branch="false" />
            <line number="24" hits="1" branch="false" />
            <line number="26" hits="1" branch="false" />
            <line number="27" hits="1" branch="false" />
            <line number="28" hits="1" branch="false" />
            <line number="30" hits="1" branch="false" />
            <line number="31" hits="1" branch="false" />
            <line number="33" hits="1" branch="false" />
            <line number="34" hits="1" branch="false" />
            <line number="36" hits="1" branch="false" />
            <line number="37" hits="1" branch="false" />
            <line number="39" hits="1" branch="false" />
            <line number="40" hits="1" branch="false" />
            <line number="42" hits="1" branch="false" />
            <line number="43" hits="1" branch="false" />
            <line number="45" hits="1" branch="false" />
            <line number="46" hits="1" branch="false" />
            <line number="48" hits="1" branch="false" />
            <line number="49" hits="1" branch="false" />
            <line number="51" hits="1" branch="false" />
            <line number="52" hits="1" branch="false" />
            <line number="54" hits="1" branch="false" />
            <line number="55" hits="1" branch="false" />
            <line number="57" hits="1" branch="false" />
            <line number="58" hits="1" branch="false" />
            <line number="60" hits="1" branch="false" />
            <line number="61" hits="1" branch="false" />
            <line number="63" hits="1" branch="false" />
            <line number="64" hits="1" branch="false" />
            <line number="66" hits="1" branch="false" />
            <line number="67" hits="1" branch="false" />
            <line number="71" hits="1" branch="false" />
            <line number="72" hits="0" branch="false" />
            <line number="77" hits="1" branch="false" />
            <line number="78" hits="1" branch="false" />
            <line number="83" hits="1" branch="false" />
            <line number="84" hits="0" branch="false" />
            <line number="89" hits="1" branch="false" />
            <line number="90" hits="0" branch="false" />
            <line number="95" hits="1" branch="false" />
            <line number="96" hits="0" branch="false" />
            <line number="101" hits="1" branch="false" />
            <line number="102" hits="0" branch="false" />
            <line number="107" hits="1" branch="false" />
            <line number="108" hits="0" branch="false" />
            <line number="113" hits="1" branch="false" />
            <line number="114" hits="0" branch="false" />
            <line number="119" hits="1" branch="false" />
            <line number="120" hits="0" branch="false" />
            <line number="125" hits="1" branch="false" />
            <line number="126" hits="0" branch="false" />
            <line number="131" hits="1" branch="false" />
            <line number="132" hits="0" branch="false" />
            <line number="137" hits="1" branch="false" />
            <line number="138" hits="0" branch="false" />
            <line number="143" hits="1" branch="false" />
            <line number="144" hits="0" branch="false" />
            <line number="149" hits="1" branch="false" />
            <line number="150" hits="0" branch="false" />
            <line number="155" hits="1" branch="false" />
            <line number="156" hits="0" branch="false" />
            <line number="159" hits="1" branch="false" />
            <line number="160" hits="1" branch="false" />
            <line number="161" hits="1" branch="false" />
            <line number="162" hits="1" branch="false" />
            <line number="163" hits="1" branch="false" />
            <line number="164" hits="1" branch="false" />
            <line number="165" hits="1" branch="false" />
            <line number="166" hits="1" branch="false" />
            <line number="167" hits="1" branch="false" />
            <line number="168" hits="1" branch="false" />
            <line number="169" hits="1" branch="false" />
            <line number="170" hits="1" branch="false" />
            <line number="171" hits="1" branch="false" />
            <line number="173" hits="1" branch="false" />
            <line number="174" hits="1" branch="false" />
            <line number="175" hits="1" branch="false" />
            <line number="176" hits="1" branch="false" />
            <line number="177" hits="1" branch="false" />
            <line number="178" hits="1" branch="false" />
            <line number="179" hits="1" branch="false" />
            <line number="180" hits="1" branch="false" />
            <line number="181" hits="1" branch="false" />
            <line number="183" hits="1" branch="false" />
            <line number="184" hits="1" branch="false" />
            <line number="185" hits="1" branch="false" />
            <line number="186" hits="1" branch="false" />
            <line number="187" hits="1" branch="false" />
            <line number="188" hits="1" branch="false" />
            <line number="189" hits="1" branch="false" />
            <line number="190" hits="1" branch="false" />
            <line number="192" hits="1" branch="false" />
            <line number="193" hits="1" branch="false" />
            <line number="194" hits="1" branch="false" />
            <line number="195" hits="1" branch="false" />
            <line number="196" hits="1" branch="false" />
            <line number="197" hits="1" branch="false" />
            <line number="198" hits="1" branch="false" />
            <line number="200" hits="1" branch="false" />
            <line number="201" hits="1" branch="false" />
            <line number="202" hits="1" branch="false" />
            <line number="203" hits="1" branch="false" />
            <line number="204" hits="1" branch="false" />
            <line number="205" hits="1" branch="false" />
            <line number="206" hits="1" branch="false" />
            <line number="207" hits="1" branch="false" />
            <line number="208" hits="1" branch="false" />
            <line number="210" hits="1" branch="false" />
            <line number="211" hits="1" branch="false" />
            <line number="212" hits="1" branch="false" />
            <line number="213" hits="1" branch="false" />
            <line number="214" hits="1" branch="false" />
            <line number="215" hits="1" branch="false" />
            <line number="216" hits="1" branch="false" />
            <line number="217" hits="1" branch="false" />
            <line number="218" hits="1" branch="false" />
            <line number="220" hits="1" branch="false" />
            <line number="221" hits="1" branch="false" />
            <line number="222" hits="1" branch="false" />
            <line number="223" hits="1" branch="false" />
            <line number="224" hits="1" branch="false" />
            <line number="225" hits="1" branch="false" />
            <line number="226" hits="1" branch="false" />
            <line number="228" hits="1" branch="false" />
            <line number="229" hits="1" branch="false" />
            <line number="230" hits="1" branch="false" />
            <line number="231" hits="1" branch="false" />
            <line number="232" hits="1" branch="false" />
            <line number="233" hits="1" branch="false" />
            <line number="234" hits="1" branch="false" />
            <line number="235" hits="1" branch="false" />
            <line number="236" hits="1" branch="false" />
            <line number="237" hits="1" branch="false" />
            <line number="238" hits="1" branch="false" />
            <line number="239" hits="1" branch="false" />
            <line number="240" hits="1" branch="false" />
            <line number="242" hits="1" branch="false" />
            <line number="243" hits="1" branch="false" />
            <line number="244" hits="1" branch="false" />
            <line number="245" hits="1" branch="false" />
            <line number="246" hits="1" branch="false" />
            <line number="247" hits="1" branch="false" />
            <line number="248" hits="1" branch="false" />
            <line number="249" hits="1" branch="false" />
            <line number="250" hits="1" branch="false" />
            <line number="252" hits="1" branch="false" />
            <line number="253" hits="1" branch="false" />
            <line number="254" hits="1" branch="false" />
            <line number="256" hits="1" branch="false" />
            <line number="258" hits="1" branch="false" />
            <line number="259" hits="1" branch="false" />
            <line number="262" hits="1" branch="false" />
            <line number="263" hits="1" branch="false" />
            <line number="264" hits="1" branch="false" />
            <line number="265" hits="1" branch="false" />
            <line number="266" hits="1" branch="false" />
            <line number="267" hits="1" branch="false" />
            <line number="270" hits="1" branch="false" />
            <line number="271" hits="1" branch="false" />
            <line number="273" hits="1" branch="false" />
            <line number="274" hits="1" branch="false" />
            <line number="275" hits="1" branch="false" />
            <line number="276" hits="1" branch="false" />
            <line number="277" hits="1" branch="false" />
            <line number="278" hits="1" branch="false" />
            <line number="279" hits="1" branch="false" />
            <line number="280" hits="1" branch="false" />
            <line number="281" hits="1" branch="false" />
            <line number="282" hits="1" branch="false" />
            <line number="283" hits="1" branch="false" />
            <line number="284" hits="1" branch="false" />
            <line number="285" hits="1" branch="false" />
            <line number="287" hits="1" branch="false" />
            <line number="288" hits="1" branch="false" />
            <line number="289" hits="1" branch="false" />
            <line number="290" hits="1" branch="false" />
            <line number="291" hits="1" branch="false" />
            <line number="292" hits="1" branch="false" />
            <line number="293" hits="1" branch="false" />
            <line number="296" hits="1" branch="false" />
            <line number="298" hits="1" branch="false" />
            <line number="299" hits="1" branch="false" />
            <line number="300" hits="1" branch="false" />
            <line number="301" hits="1" branch="false" />
            <line number="302" hits="0" branch="false" />
            <line number="303" hits="0" branch="false" />
            <line number="305" hits="0" branch="false" />
            <line number="306" hits="0" branch="false" />
            <line number="307" hits="0" branch="false" />
            <line number="309" hits="0" branch="false" />
            <line number="310" hits="1" branch="false" />
            <line number="311" hits="1" branch="false" />
            <line number="314" hits="1" branch="false" />
            <line number="316" hits="1" branch="false" />
            <line number="317" hits="1" branch="false" />
            <line number="318" hits="1" branch="false" />
            <line number="319" hits="0" branch="false" />
            <line number="320" hits="0" branch="false" />
            <line number="321" hits="0" branch="false" />
            <line number="324" hits="1" branch="false" />
            <line number="325" hits="1" branch="false" />
            <line number="326" hits="1" branch="false" />
            <line number="327" hits="1" branch="false" />
            <line number="328" hits="1" branch="false" />
            <line number="329" hits="1" branch="false" />
            <line number="330" hits="1" branch="false" />
            <line number="331" hits="1" branch="false" />
            <line number="332" hits="1" branch="false" />
            <line number="333" hits="1" branch="false" />
            <line number="335" hits="1" branch="false" />
            <line number="336" hits="1" branch="false" />
            <line number="337" hits="1" branch="false" />
            <line number="338" hits="0" branch="false" />
            <line number="339" hits="0" branch="false" />
            <line number="340" hits="0" branch="false" />
            <line number="343" hits="1" branch="false" />
            <line number="344" hits="1" branch="false" />
            <line number="345" hits="1" branch="false" />
            <line number="346" hits="1" branch="false" />
            <line number="347" hits="1" branch="false" />
            <line number="348" hits="1" branch="false" />
            <line number="350" hits="1" branch="false" />
            <line number="351" hits="1" branch="false" />
            <line number="352" hits="1" branch="false" />
            <line number="353" hits="1" branch="false" />
            <line number="354" hits="1" branch="false" />
            <line number="355" hits="0" branch="false" />
            <line number="356" hits="0" branch="false" />
            <line number="357" hits="0" branch="false" />
            <line number="358" hits="0" branch="false" />
            <line number="359" hits="1" branch="false" />
          </lines>
        </class>
        <class name="PokemonBattleJournal.Controls.ComboBoxPopup" filename="C:\Users\pinku\source\repos\PinKushin\PokemonBattleJournal\PokemonBattleJournal\Controls\ComboBoxControl\ComboBoxPopup.cs" line-rate="1" branch-rate="1" complexity="NaN">
          <methods>
            <method name="ComboBoxPopup" signature="(System.Collections.IEnumerable, string, string, Microsoft.Maui.Graphics.Color, Microsoft.Maui.Graphics.Color, double, double, string)" line-rate="1" branch-rate="1">
              <lines>
                <line number="13" hits="1" branch="false" />
                <line number="14" hits="1" branch="false" />
                <line number="15" hits="1" branch="false" />
                <line number="16" hits="1" branch="false" />
                <line number="17" hits="1" branch="false" />
                <line number="18" hits="1" branch="false" />
                <line number="19" hits="1" branch="false" />
                <line number="20" hits="1" branch="false" />
                <line number="21" hits="1" branch="false" />
                <line number="22" hits="1" branch="false" />
                <line number="23" hits="1" branch="false" />
                <line number="24" hits="1" branch="false" />
                <line number="27" hits="1" branch="false" />
                <line number="28" hits="1" branch="false" />
                <line number="30" hits="1" branch="false" />
                <line number="31" hits="1" branch="false" />
                <line number="32" hits="1" branch="false" />
                <line number="33" hits="1" branch="false" />
                <line number="34" hits="1" branch="false" />
                <line number="35" hits="1" branch="false" />
                <line number="36" hits="1" branch="false" />
                <line number="37" hits="1" branch="false" />
                <line number="39" hits="1" branch="false" />
                <line number="40" hits="1" branch="false" />
                <line number="41" hits="1" branch="false" />
                <line number="42" hits="1" branch="false" />
                <line number="43" hits="1" branch="false" />
                <line number="44" hits="1" branch="false" />
                <line number="45" hits="1" branch="false" />
                <line number="46" hits="1" branch="false" />
                <line number="47" hits="1" branch="false" />
                <line number="48" hits="1" branch="false" />
                <line number="49" hits="1" branch="false" />
                <line number="50" hits="1" branch="false" />
                <line number="51" hits="1" branch="false" />
                <line number="52" hits="1" branch="false" />
                <line number="53" hits="1" branch="false" />
                <line number="54" hits="1" branch="false" />
                <line number="55" hits="1" branch="false" />
                <line number="56" hits="1" branch="false" />
                <line number="57" hits="1" branch="false" />
                <line number="58" hits="1" branch="false" />
                <line number="59" hits="1" branch="false" />
                <line number="60" hits="1" branch="false" />
                <line number="61" hits="1" branch="false" />
                <line number="62" hits="1" branch="false" />
                <line number="63" hits="1" branch="false" />
                <line number="64" hits="1" branch="false" />
                <line number="65" hits="1" branch="false" />
                <line number="66" hits="1" branch="false" />
                <line number="67" hits="1" branch="false" />
                <line number="68" hits="1" branch="false" />
                <line number="69" hits="1" branch="false" />
                <line number="70" hits="1" branch="false" />
                <line number="71" hits="1" branch="false" />
                <line number="72" hits="1" branch="false" />
                <line number="73" hits="1" branch="false" />
                <line number="74" hits="1" branch="false" />
                <line number="75" hits="1" branch="false" />
                <line number="76" hits="1" branch="false" />
                <line number="77" hits="1" branch="false" />
                <line number="78" hits="1" branch="false" />
                <line number="79" hits="1" branch="false" />
                <line number="80" hits="1" branch="false" />
                <line number="81" hits="1" branch="false" />
                <line number="82" hits="1" branch="false" />
                <line number="83" hits="1" branch="false" />
                <line number="84" hits="1" branch="false" />
                <line number="85" hits="1" branch="false" />
                <line number="86" hits="1" branch="false" />
                <line number="87" hits="1" branch="false" />
                <line number="88" hits="1" branch="false" />
                <line number="89" hits="1" branch="false" />
                <line number="90" hits="1" branch="false" />
                <line number="91" hits="1" branch="false" />
                <line number="92" hits="1" branch="false" />
                <line number="93" hits="1" branch="false" />
                <line number="94" hits="1" branch="false" />
                <line number="95" hits="1" branch="false" />
                <line number="96" hits="1" branch="false" />
                <line number="97" hits="1" branch="false" />
                <line number="98" hits="1" branch="false" />
                <line number="99" hits="1" branch="false" />
                <line number="100" hits="1" branch="false" />
                <line number="101" hits="1" branch="false" />
                <line number="102" hits="1" branch="false" />
                <line number="103" hits="1" branch="false" />
                <line number="104" hits="1" branch="false" />
                <line number="105" hits="1" branch="false" />
                <line number="106" hits="1" branch="false" />
                <line number="107" hits="1" branch="false" />
                <line number="108" hits="1" branch="false" />
                <line number="109" hits="1" branch="false" />
                <line number="110" hits="1" branch="false" />
                <line number="111" hits="1" branch="false" />
                <line number="112" hits="1" branch="false" />
                <line number="113" hits="1" branch="false" />
                <line number="114" hits="1" branch="false" />
                <line number="116" hits="1" branch="false" />
                <line number="117" hits="1" branch="false" />
                <line number="118" hits="1" branch="false" />
                <line number="119" hits="1" branch="false" />
                <line number="120" hits="1" branch="false" />
                <line number="121" hits="1" branch="false" />
                <line number="122" hits="1" branch="false" />
                <line number="123" hits="1" branch="false" />
                <line number="124" hits="1" branch="false" />
                <line number="126" hits="1" branch="false" />
                <line number="127" hits="1" branch="false" />
                <line number="128" hits="1" branch="false" />
                <line number="129" hits="1" branch="false" />
                <line number="130" hits="1" branch="false" />
                <line number="131" hits="1" branch="false" />
                <line number="132" hits="1" branch="false" />
                <line number="133" hits="1" branch="false" />
                <line number="134" hits="1" branch="false" />
                <line number="135" hits="1" branch="false" />
                <line number="136" hits="1" branch="false" />
                <line number="142" hits="1" branch="false" />
                <line number="143" hits="1" branch="false" />
                <line number="144" hits="1" branch="false" />
                <line number="145" hits="1" branch="false" />
                <line number="146" hits="1" branch="false" />
                <line number="147" hits="1" branch="false" />
                <line number="148" hits="1" branch="false" />
                <line number="150" hits="1" branch="false" />
                <line number="151" hits="1" branch="false" />
                <line number="152" hits="1" branch="false" />
                <line number="153" hits="1" branch="false" />
                <line number="154" hits="1" branch="false" />
                <line number="155" hits="1" branch="false" />
                <line number="156" hits="1" branch="false" />
                <line number="157" hits="1" branch="false" />
                <line number="158" hits="1" branch="false" />
                <line number="159" hits="1" branch="false" />
                <line number="163" hits="1" branch="false" />
                <line number="164" hits="1" branch="false" />
                <line number="165" hits="1" branch="false" />
                <line number="166" hits="1" branch="false" />
                <line number="167" hits="1" branch="false" />
                <line number="168" hits="1" branch="false" />
                <line number="170" hits="1" branch="false" />
                <line number="171" hits="1" branch="false" />
                <line number="172" hits="1" branch="false" />
                <line number="173" hits="1" branch="false" />
                <line number="174" hits="1" branch="false" />
                <line number="175" hits="1" branch="false" />
                <line number="176" hits="1" branch="false" />
                <line number="177" hits="1" branch="false" />
                <line number="178" hits="1" branch="false" />
                <line number="179" hits="1" branch="false" />
                <line number="180" hits="1" branch="false" />
                <line number="181" hits="1" branch="false" />
                <line number="182" hits="1" branch="false" />
                <line number="183" hits="1" branch="false" />
              </lines>
            </method>
            <method name="FilterItems" signature="(System.Collections.Generic.IEnumerable&lt;object&gt;, string, string)" line-rate="1" branch-rate="1">
              <lines>
                <line number="186" hits="1" branch="false" />
                <line number="187" hits="1" branch="false" />
                <line number="188" hits="1" branch="false" />
                <line number="190" hits="1" branch="false" />
                <line number="191" hits="1" branch="false" />
                <line number="192" hits="1" branch="false" />
                <line number="193" hits="1" branch="false" />
                <line number="194" hits="1" branch="false" />
                <line number="195" hits="1" branch="false" />
                <line number="196" hits="1" branch="false" />
              </lines>
            </method>
            <method name="PickerResult" signature="(object)" line-rate="1" branch-rate="1">
              <lines>
                <line number="11" hits="1" branch="false" />
              </lines>
            </method>
            <method name="-ctor" signature="()" line-rate="1" branch-rate="1">
              <lines>
                <line number="164" hits="1" branch="false" />
                <line number="165" hits="1" branch="false" />
                <line number="166" hits="1" branch="false" />
                <line number="167" hits="1" branch="false" />
                <line number="168" hits="1" branch="false" />
              </lines>
            </method>
            <method name="-ctor" signature="()" line-rate="1" branch-rate="1">
              <lines>
                <line number="84" hits="1" branch="false" />
                <line number="85" hits="1" branch="false" />
                <line number="86" hits="1" branch="false" />
                <line number="87" hits="1" branch="false" />
                <line number="88" hits="1" branch="false" />
                <line number="89" hits="1" branch="false" />
              </lines>
            </method>
          </methods>
          <lines>
            <line number="11" hits="1" branch="false" />
            <line number="13" hits="1" branch="false" />
            <line number="14" hits="1" branch="false" />
            <line number="15" hits="1" branch="false" />
            <line number="16" hits="1" branch="false" />
            <line number="17" hits="1" branch="false" />
            <line number="18" hits="1" branch="false" />
            <line number="19" hits="1" branch="false" />
            <line number="20" hits="1" branch="false" />
            <line number="21" hits="1" branch="false" />
            <line number="22" hits="1" branch="false" />
            <line number="23" hits="1" branch="false" />
            <line number="24" hits="1" branch="false" />
            <line number="27" hits="1" branch="false" />
            <line number="28" hits="1" branch="false" />
            <line number="30" hits="1" branch="false" />
            <line number="31" hits="1" branch="false" />
            <line number="32" hits="1" branch="false" />
            <line number="33" hits="1" branch="false" />
            <line number="34" hits="1" branch="false" />
            <line number="35" hits="1" branch="false" />
            <line number="36" hits="1" branch="false" />
            <line number="37" hits="1" branch="false" />
            <line number="39" hits="1" branch="false" />
            <line number="40" hits="1" branch="false" />
            <line number="41" hits="1" branch="false" />
            <line number="42" hits="1" branch="false" />
            <line number="43" hits="1" branch="false" />
            <line number="44" hits="1" branch="false" />
            <line number="45" hits="1" branch="false" />
            <line number="46" hits="1" branch="false" />
            <line number="47" hits="1" branch="false" />
            <line number="48" hits="1" branch="false" />
            <line number="49" hits="1" branch="false" />
            <line number="50" hits="1" branch="false" />
            <line number="51" hits="1" branch="false" />
            <line number="52" hits="1" branch="false" />
            <line number="53" hits="1" branch="false" />
            <line number="54" hits="1" branch="false" />
            <line number="55" hits="1" branch="false" />
            <line number="56" hits="1" branch="false" />
            <line number="57" hits="1" branch="false" />
            <line number="58" hits="1" branch="false" />
            <line number="59" hits="1" branch="false" />
            <line number="60" hits="1" branch="false" />
            <line number="61" hits="1" branch="false" />
            <line number="62" hits="1" branch="false" />
            <line number="63" hits="1" branch="false" />
            <line number="64" hits="1" branch="false" />
            <line number="65" hits="1" branch="false" />
            <line number="66" hits="1" branch="false" />
            <line number="67" hits="1" branch="false" />
            <line number="68" hits="1" branch="false" />
            <line number="69" hits="1" branch="false" />
            <line number="70" hits="1" branch="false" />
            <line number="71" hits="1" branch="false" />
            <line number="72" hits="1" branch="false" />
            <line number="73" hits="1" branch="false" />
            <line number="74" hits="1" branch="false" />
            <line number="75" hits="1" branch="false" />
            <line number="76" hits="1" branch="false" />
            <line number="77" hits="1" branch="false" />
            <line number="78" hits="1" branch="false" />
            <line number="79" hits="1" branch="false" />
            <line number="80" hits="1" branch="false" />
            <line number="81" hits="1" branch="false" />
            <line number="82" hits="1" branch="false" />
            <line number="83" hits="1" branch="false" />
            <line number="84" hits="1" branch="false" />
            <line number="85" hits="1" branch="false" />
            <line number="86" hits="1" branch="false" />
            <line number="87" hits="1" branch="false" />
            <line number="88" hits="1" branch="false" />
            <line number="89" hits="1" branch="false" />
            <line number="90" hits="1" branch="false" />
            <line number="91" hits="1" branch="false" />
            <line number="92" hits="1" branch="false" />
            <line number="93" hits="1" branch="false" />
            <line number="94" hits="1" branch="false" />
            <line number="95" hits="1" branch="false" />
            <line number="96" hits="1" branch="false" />
            <line number="97" hits="1" branch="false" />
            <line number="98" hits="1" branch="false" />
            <line number="99" hits="1" branch="false" />
            <line number="100" hits="1" branch="false" />
            <line number="101" hits="1" branch="false" />
            <line number="102" hits="1" branch="false" />
            <line number="103" hits="1" branch="false" />
            <line number="104" hits="1" branch="false" />
            <line number="105" hits="1" branch="false" />
            <line number="106" hits="1" branch="false" />
            <line number="107" hits="1" branch="false" />
            <line number="108" hits="1" branch="false" />
            <line number="109" hits="1" branch="false" />
            <line number="110" hits="1" branch="false" />
            <line number="111" hits="1" branch="false" />
            <line number="112" hits="1" branch="false" />
            <line number="113" hits="1" branch="false" />
            <line number="114" hits="1" branch="false" />
            <line number="116" hits="1" branch="false" />
            <line number="117" hits="1" branch="false" />
            <line number="118" hits="1" branch="false" />
            <line number="119" hits="1" branch="false" />
            <line number="120" hits="1" branch="false" />
            <line number="121" hits="1" branch="false" />
            <line number="122" hits="1" branch="false" />
            <line number="123" hits="1" branch="false" />
            <line number="124" hits="1" branch="false" />
            <line number="126" hits="1" branch="false" />
            <line number="127" hits="1" branch="false" />
            <line number="128" hits="1" branch="false" />
            <line number="129" hits="1" branch="false" />
            <line number="130" hits="1" branch="false" />
            <line number="131" hits="1" branch="false" />
            <line number="132" hits="1" branch="false" />
            <line number="133" hits="1" branch="false" />
            <line number="134" hits="1" branch="false" />
            <line number="135" hits="1" branch="false" />
            <line number="136" hits="1" branch="false" />
            <line number="142" hits="1" branch="false" />
            <line number="143" hits="1" branch="false" />
            <line number="144" hits="1" branch="false" />
            <line number="145" hits="1" branch="false" />
            <line number="146" hits="1" branch="false" />
            <line number="147" hits="1" branch="false" />
            <line number="148" hits="1" branch="false" />
            <line number="150" hits="1" branch="false" />
            <line number="151" hits="1" branch="false" />
            <line number="152" hits="1" branch="false" />
            <line number="153" hits="1" branch="false" />
            <line number="154" hits="1" branch="false" />
            <line number="155" hits="1" branch="false" />
            <line number="156" hits="1" branch="false" />
            <line number="157" hits="1" branch="false" />
            <line number="158" hits="1" branch="false" />
            <line number="159" hits="1" branch="false" />
            <line number="163" hits="1" branch="false" />
            <line number="164" hits="1" branch="false" />
            <line number="165" hits="1" branch="false" />
            <line number="166" hits="1" branch="false" />
            <line number="167" hits="1" branch="false" />
            <line number="168" hits="1" branch="false" />
            <line number="170" hits="1" branch="false" />
            <line number="171" hits="1" branch="false" />
            <line number="172" hits="1" branch="false" />
            <line number="173" hits="1" branch="false" />
            <line number="174" hits="1" branch="false" />
            <line number="175" hits="1" branch="false" />
            <line number="176" hits="1" branch="false" />
            <line number="177" hits="1" branch="false" />
            <line number="178" hits="1" branch="false" />
            <line number="179" hits="1" branch="false" />
            <line number="180" hits="1" branch="false" />
            <line number="181" hits="1" branch="false" />
            <line number="182" hits="1" branch="false" />
            <line number="183" hits="1" branch="false" />
            <line number="186" hits="1" branch="false" />
            <line number="187" hits="1" branch="false" />
            <line number="188" hits="1" branch="false" />
            <line number="190" hits="1" branch="false" />
            <line number="191" hits="1" branch="false" />
            <line number="192" hits="1" branch="false" />
            <line number="193" hits="1" branch="false" />
            <line number="194" hits="1" branch="false" />
            <line number="195" hits="1" branch="false" />
            <line number="196" hits="1" branch="false" />
          </lines>
        </class>
        <class name="PokemonBattleJournal.Controls.ImagePicker" filename="C:\Users\pinku\source\repos\PinKushin\PokemonBattleJournal\PokemonBattleJournal\Controls\ImagePicker.cs" line-rate="0" branch-rate="1" complexity="NaN">
          <methods>
            <method name="ItemsSource" signature="()" line-rate="0" branch-rate="1" complexity="NaN">
              <lines>
                <line number="61" hits="0" branch="false" />
              </lines>
            </method>
            <method name="ItemsSource" signature="(System.Collections.IEnumerable)" line-rate="0" branch-rate="1" complexity="NaN">
              <lines>
                <line number="62" hits="0" branch="false" />
              </lines>
            </method>
            <method name="SelectedItem" signature="()" line-rate="0" branch-rate="1" complexity="NaN">
              <lines>
                <line number="67" hits="0" branch="false" />
              </lines>
            </method>
            <method name="SelectedItem" signature="(object)" line-rate="0" branch-rate="1" complexity="NaN">
              <lines>
                <line number="68" hits="0" branch="false" />
              </lines>
            </method>
            <method name="DisplayMemberPath" signature="()" line-rate="0" branch-rate="1" complexity="NaN">
              <lines>
                <line number="73" hits="0" branch="false" />
              </lines>
            </method>
            <method name="DisplayMemberPath" signature="(string)" line-rate="0" branch-rate="1" complexity="NaN">
              <lines>
                <line number="74" hits="0" branch="false" />
              </lines>
            </method>
            <method name="ImageMemberPath" signature="()" line-rate="0" branch-rate="1" complexity="NaN">
              <lines>
                <line number="79" hits="0" branch="false" />
              </lines>
            </method>
            <method name="ImageMemberPath" signature="(string)" line-rate="0" branch-rate="1" complexity="NaN">
              <lines>
                <line number="80" hits="0" branch="false" />
              </lines>
            </method>
            <method name="HintText" signature="()" line-rate="0" branch-rate="1" complexity="NaN">
              <lines>
                <line number="85" hits="0" branch="false" />
              </lines>
            </method>
            <method name="HintText" signature="(string)" line-rate="0" branch-rate="1" complexity="NaN">
              <lines>
                <line number="86" hits="0" branch="false" />
              </lines>
            </method>
            <method name="HelperText" signature="()" line-rate="0" branch-rate="1" complexity="NaN">
              <lines>
                <line number="91" hits="0" branch="false" />
              </lines>
            </method>
            <method name="HelperText" signature="(string)" line-rate="0" branch-rate="1" complexity="NaN">
              <lines>
                <line number="92" hits="0" branch="false" />
              </lines>
            </method>
            <method name="Placeholder" signature="()" line-rate="0" branch-rate="1" complexity="NaN">
              <lines>
                <line number="97" hits="0" branch="false" />
              </lines>
            </method>
            <method name="Placeholder" signature="(string)" line-rate="0" branch-rate="1" complexity="NaN">
              <lines>
                <line number="98" hits="0" branch="false" />
              </lines>
            </method>
            <method name="StrokeColor" signature="()" line-rate="0" branch-rate="1" complexity="NaN">
              <lines>
                <line number="103" hits="0" branch="false" />
              </lines>
            </method>
            <method name="StrokeColor" signature="(Microsoft.Maui.Graphics.Color)" line-rate="0" branch-rate="1" complexity="NaN">
              <lines>
                <line number="104" hits="0" branch="false" />
              </lines>
            </method>
            <method name="TextColor" signature="()" line-rate="0" branch-rate="1" complexity="NaN">
              <lines>
                <line number="109" hits="0" branch="false" />
              </lines>
            </method>
            <method name="TextColor" signature="(Microsoft.Maui.Graphics.Color)" line-rate="0" branch-rate="1" complexity="NaN">
              <lines>
                <line number="110" hits="0" branch="false" />
              </lines>
            </method>
            <method name="BackgroundColor" signature="()" line-rate="0" branch-rate="1" complexity="NaN">
              <lines>
                <line number="115" hits="0" branch="false" />
              </lines>
            </method>
            <method name="BackgroundColor" signature="(Microsoft.Maui.Graphics.Color)" line-rate="0" branch-rate="1" complexity="NaN">
              <lines>
                <line number="116" hits="0" branch="false" />
              </lines>
            </method>
            <method name="HintTextColor" signature="()" line-rate="0" branch-rate="1" complexity="NaN">
              <lines>
                <line number="121" hits="0" branch="false" />
              </lines>
            </method>
            <method name="HintTextColor" signature="(Microsoft.Maui.Graphics.Color)" line-rate="0" branch-rate="1" complexity="NaN">
              <lines>
                <line number="122" hits="0" branch="false" />
              </lines>
            </method>
            <method name="HelperTextColor" signature="()" line-rate="0" branch-rate="1" complexity="NaN">
              <lines>
                <line number="127" hits="0" branch="false" />
              </lines>
            </method>
            <method name="HelperTextColor" signature="(Microsoft.Maui.Graphics.Color)" line-rate="0" branch-rate="1" complexity="NaN">
              <lines>
                <line number="128" hits="0" branch="false" />
              </lines>
            </method>
            <method name="PopupBackgroundColor" signature="()" line-rate="0" branch-rate="1" complexity="NaN">
              <lines>
                <line number="133" hits="0" branch="false" />
              </lines>
            </method>
            <method name="PopupBackgroundColor" signature="(Microsoft.Maui.Graphics.Color)" line-rate="0" branch-rate="1" complexity="NaN">
              <lines>
                <line number="134" hits="0" branch="false" />
              </lines>
            </method>
            <method name="PopupAccentColor" signature="()" line-rate="0" branch-rate="1" complexity="NaN">
              <lines>
                <line number="139" hits="0" branch="false" />
              </lines>
            </method>
            <method name="PopupAccentColor" signature="(Microsoft.Maui.Graphics.Color)" line-rate="0" branch-rate="1" complexity="NaN">
              <lines>
                <line number="140" hits="0" branch="false" />
              </lines>
            </method>
            <method name="ImagePicker" signature="()" line-rate="0" branch-rate="1">
              <lines>
                <line number="143" hits="0" branch="false" />
                <line number="144" hits="0" branch="false" />
                <line number="145" hits="0" branch="false" />
                <line number="146" hits="0" branch="false" />
                <line number="147" hits="0" branch="false" />
                <line number="148" hits="0" branch="false" />
                <line number="149" hits="0" branch="false" />
                <line number="150" hits="0" branch="false" />
                <line number="151" hits="0" branch="false" />
                <line number="153" hits="0" branch="false" />
                <line number="154" hits="0" branch="false" />
                <line number="155" hits="0" branch="false" />
                <line number="156" hits="0" branch="false" />
                <line number="157" hits="0" branch="false" />
                <line number="158" hits="0" branch="false" />
                <line number="159" hits="0" branch="false" />
                <line number="160" hits="0" branch="false" />
                <line number="161" hits="0" branch="false" />
                <line number="162" hits="0" branch="false" />
                <line number="164" hits="0" branch="false" />
                <line number="165" hits="0" branch="false" />
                <line number="166" hits="0" branch="false" />
                <line number="167" hits="0" branch="false" />
                <line number="168" hits="0" branch="false" />
                <line number="169" hits="0" branch="false" />
                <line number="170" hits="0" branch="false" />
                <line number="172" hits="0" branch="false" />
                <line number="173" hits="0" branch="false" />
                <line number="174" hits="0" branch="false" />
                <line number="175" hits="0" branch="false" />
                <line number="176" hits="0" branch="false" />
                <line number="177" hits="0" branch="false" />
                <line number="179" hits="0" branch="false" />
                <line number="180" hits="0" branch="false" />
                <line number="181" hits="0" branch="false" />
                <line number="182" hits="0" branch="false" />
                <line number="184" hits="0" branch="false" />
                <line number="185" hits="0" branch="false" />
                <line number="187" hits="0" branch="false" />
                <line number="188" hits="0" branch="false" />
              </lines>
            </method>
            <method name="OnSelectedItemChanged" signature="(Microsoft.Maui.Controls.BindableObject, object, object)" line-rate="0" branch-rate="1">
              <lines>
                <line number="191" hits="0" branch="false" />
                <line number="192" hits="0" branch="false" />
                <line number="193" hits="0" branch="false" />
                <line number="194" hits="0" branch="false" />
                <line number="195" hits="0" branch="false" />
                <line number="196" hits="0" branch="false" />
              </lines>
            </method>
            <method name="UpdateButton" signature="()" line-rate="0" branch-rate="1">
              <lines>
                <line number="199" hits="0" branch="false" />
                <line number="200" hits="0" branch="false" />
                <line number="201" hits="0" branch="false" />
                <line number="202" hits="0" branch="false" />
                <line number="203" hits="0" branch="false" />
                <line number="204" hits="0" branch="false" />
                <line number="207" hits="0" branch="false" />
                <line number="208" hits="0" branch="false" />
                <line number="210" hits="0" branch="false" />
                <line number="211" hits="0" branch="false" />
                <line number="213" hits="0" branch="false" />
                <line number="214" hits="0" branch="false" />
                <line number="215" hits="0" branch="false" />
[...]
                <line number="84" hits="0" branch="false" />
                <line number="85" hits="0" branch="false" />
              </lines>
            </method>
          </methods>
          <lines>
            <line number="75" hits="0" branch="false" />
            <line number="77" hits="0" branch="false" />
            <line number="78" hits="0" branch="false" />
            <line number="79" hits="0" branch="false" />
            <line number="80" hits="0" branch="false" />
            <line number="81" hits="0" branch="false" />
            <line number="82" hits="0" branch="false" />
            <line number="83" hits="0" branch="false" />
            <line number="84" hits="0" branch="false" />
            <line number="85" hits="0" branch="false" />
          </lines>
        </class>
        <class name="WinRT.PokemonBattleJournalVtableClasses.PokemonBattleJournal_PokemonBattleJournal_XamlTypeInfo_XamlUserTypeWinRTTypeDetails" filename="C:\Users\pinku\source\repos\PinKushin\PokemonBattleJournal\PokemonBattleJournal\obj\Debug\net10.0-windows10.0.19041.0\win-x64\WinRT.SourceGenerator\Generator.WinRTAotSourceGenerator\WinRTCCWVtable.g.cs" line-rate="1" branch-rate="1" complexity="NaN">
          <methods>
            <method name="GetExposedInterfaces" signature="()" line-rate="1" branch-rate="1">
              <lines>
                <line number="59" hits="1" branch="false" />
                <line number="61" hits="1" branch="false" />
                <line number="62" hits="1" branch="false" />
                <line number="63" hits="1" branch="false" />
                <line number="64" hits="1" branch="false" />
                <line number="65" hits="1" branch="false" />
                <line number="66" hits="1" branch="false" />
                <line number="67" hits="1" branch="false" />
                <line number="68" hits="1" branch="false" />
                <line number="69" hits="1" branch="false" />
              </lines>
            </method>
          </methods>
          <lines>
            <line number="59" hits="1" branch="false" />
            <line number="61" hits="1" branch="false" />
            <line number="62" hits="1" branch="false" />
            <line number="63" hits="1" branch="false" />
            <line number="64" hits="1" branch="false" />
            <line number="65" hits="1" branch="false" />
            <line number="66" hits="1" branch="false" />
            <line number="67" hits="1" branch="false" />
            <line number="68" hits="1" branch="false" />
            <line number="69" hits="1" branch="false" />
          </lines>
        </class>
        <class name="WinRT.PokemonBattleJournalVtableClasses.PokemonBattleJournal_Views_MainPageWinRTTypeDetails" filename="C:\Users\pinku\source\repos\PinKushin\PokemonBattleJournal\PokemonBattleJournal\obj\Debug\net10.0-windows10.0.19041.0\win-x64\WinRT.SourceGenerator\Generator.WinRTAotSourceGenerator\WinRTCCWVtable.g.cs" line-rate="0" branch-rate="1" complexity="NaN">
          <methods>
            <method name="GetExposedInterfaces" signature="()" line-rate="0" branch-rate="1">
              <lines>
                <line number="6" hits="0" branch="false" />
                <line number="8" hits="0" branch="false" />
                <line number="9" hits="0" branch="false" />
                <line number="10" hits="0" branch="false" />
                <line number="11" hits="0" branch="false" />
                <line number="12" hits="0" branch="false" />
                <line number="13" hits="0" branch="false" />
                <line number="14" hits="0" branch="false" />
                <line number="15" hits="0" branch="false" />
                <line number="16" hits="0" branch="false" />
              </lines>
            </method>
          </methods>
          <lines>
            <line number="6" hits="0" branch="false" />
            <line number="8" hits="0" branch="false" />
            <line number="9" hits="0" branch="false" />
            <line number="10" hits="0" branch="false" />
            <line number="11" hits="0" branch="false" />
            <line number="12" hits="0" branch="false" />
            <line number="13" hits="0" branch="false" />
            <line number="14" hits="0" branch="false" />
            <line number="15" hits="0" branch="false" />
            <line number="16" hits="0" branch="false" />
          </lines>
        </class>
        <class name="WinRT.PokemonBattleJournalVtableClasses.PokemonBattleJournal_WinUI_AppWinRTTypeDetails" filename="C:\Users\pinku\source\repos\PinKushin\PokemonBattleJournal\PokemonBattleJournal\obj\Debug\net10.0-windows10.0.19041.0\win-x64\WinRT.SourceGenerator\Generator.WinRTAotSourceGenerator\WinRTCCWVtable.g.cs" line-rate="1" branch-rate="1" complexity="NaN">
          <methods>
            <method name="GetExposedInterfaces" signature="()" line-rate="1" branch-rate="1">
              <lines>
                <line number="22" hits="1" branch="false" />
                <line number="24" hits="1" branch="false" />
                <line number="25" hits="1" branch="false" />
                <line number="26" hits="1" branch="false" />
                <line number="27" hits="1" branch="false" />
                <line number="28" hits="1" branch="false" />
                <line number="29" hits="1" branch="false" />
                <line number="30" hits="1" branch="false" />
                <line number="31" hits="1" branch="false" />
                <line number="32" hits="1" branch="false" />
                <line number="33" hits="1" branch="false" />
                <line number="34" hits="1" branch="false" />
                <line number="35" hits="1" branch="false" />
                <line number="36" hits="1" branch="false" />
                <line number="37" hits="1" branch="false" />
              </lines>
            </method>
          </methods>
          <lines>
            <line number="22" hits="1" branch="false" />
            <line number="24" hits="1" branch="false" />
            <line number="25" hits="1" branch="false" />
            <line number="26" hits="1" branch="false" />
            <line number="27" hits="1" branch="false" />
            <line number="28" hits="1" branch="false" />
            <line number="29" hits="1" branch="false" />
            <line number="30" hits="1" branch="false" />
            <line number="31" hits="1" branch="false" />
            <line number="32" hits="1" branch="false" />
            <line number="33" hits="1" branch="false" />
            <line number="34" hits="1" branch="false" />
            <line number="35" hits="1" branch="false" />
            <line number="36" hits="1" branch="false" />
            <line number="37" hits="1" branch="false" />
          </lines>
        </class>
      </classes>
    </package>
    <package name="PokemonBattleJournal.Scraper.dll" line-rate="1" branch-rate="1" complexity="NaN">
      <classes>
        <class name="PokemonBattleJournal.Scraper.Models.MetaDeck" filename="C:\Users\pinku\source\repos\PinKushin\PokemonBattleJournal\PokemonBattleJournal.Scraper\Models\MetaDeck.cs" line-rate="1" branch-rate="1" complexity="NaN">
          <methods>
            <method name="MetaDeck" signature="(string, string, string)" line-rate="1" branch-rate="1">
              <lines>
                <line number="3" hits="1" branch="false" />
              </lines>
            </method>
          </methods>
          <lines>
            <line number="3" hits="1" branch="false" />
          </lines>
        </class>
        <class name="PokemonBattleJournal.Scraper.Services.HttpMetaDeckFetcher" filename="C:\Users\pinku\source\repos\PinKushin\PokemonBattleJournal\PokemonBattleJournal.Scraper\Services\HttpMetaDeckFetcher.cs" line-rate="1" branch-rate="1" complexity="NaN">
          <methods>
            <method name="HttpMetaDeckFetcher" signature="(System.Net.Http.HttpClient, Microsoft.Extensions.Logging.ILogger&lt;PokemonBattleJournal.Scraper.Services.HttpMetaDeckFetcher&gt;)" line-rate="1" branch-rate="1">
              <lines>
                <line number="11" hits="1" branch="false" />
                <line number="12" hits="1" branch="false" />
                <line number="13" hits="1" branch="false" />
                <line number="14" hits="1" branch="false" />
                <line number="15" hits="1" branch="false" />
              </lines>
            </method>
            <method name="FetchAsync" signature="()" line-rate="1" branch-rate="1">
              <lines>
                <line number="18" hits="1" branch="false" />
                <line number="20" hits="1" branch="false" />
                <line number="21" hits="1" branch="false" />
                <line number="22" hits="1" branch="false" />
                <line number="23" hits="1" branch="false" />
                <line number="24" hits="1" branch="false" />
                <line number="25" hits="1" branch="false" />
                <line number="27" hits="1" branch="false" />
                <line number="29" hits="1" branch="false" />
                <line number="30" hits="1" branch="false" />
                <line number="31" hits="1" branch="false" />
                <line number="32" hits="1" branch="false" />
                <line number="34" hits="1" branch="false" />
              </lines>
            </method>
          </methods>
          <lines>
            <line number="11" hits="1" branch="false" />
            <line number="12" hits="1" branch="false" />
            <line number="13" hits="1" branch="false" />
            <line number="14" hits="1" branch="false" />
            <line number="15" hits="1" branch="false" />
            <line number="18" hits="1" branch="false" />
            <line number="20" hits="1" branch="false" />
            <line number="21" hits="1" branch="false" />
            <line number="22" hits="1" branch="false" />
            <line number="23" hits="1" branch="false" />
            <line number="24" hits="1" branch="false" />
            <line number="25" hits="1" branch="false" />
            <line number="27" hits="1" branch="false" />
            <line number="29" hits="1" branch="false" />
            <line number="30" hits="1" branch="false" />
            <line number="31" hits="1" branch="false" />
            <line number="32" hits="1" branch="false" />
            <line number="34" hits="1" branch="false" />
          </lines>
        </class>
        <class name="PokemonBattleJournal.Scraper.Services.LimitlessDeckParser" filename="C:\Users\pinku\source\repos\PinKushin\PokemonBattleJournal\PokemonBattleJournal.Scraper\Services\LimitlessDeckParser.cs" line-rate="1" branch-rate="1" complexity="NaN">
          <methods>
            <method name="Parse" signature="(string, int)" line-rate="1" branch-rate="1">
              <lines>
                <line number="11" hits="1" branch="false" />
                <line number="12" hits="1" branch="false" />
                <line number="13" hits="1" branch="false" />
                <line number="15" hits="1" branch="false" />
                <line number="16" hits="1" branch="false" />
                <line number="18" hits="1" branch="false" />
                <line number="19" hits="1" branch="false" />
                <line number="21" hits="1" branch="false" />
                <line number="22" hits="1" branch="false" />
                <line number="23" hits="1" branch="false" />
                <line number="24" hits="1" branch="false" />
                <line number="26" hits="1" branch="false" />
                <line number="27" hits="1" branch="false" />
                <line number="28" hits="1" branch="false" />
                <line number="30" hits="1" branch="false" />
                <line number="31" hits="1" branch="false" />
                <line number="34" hits="1" branch="false" />
                <line number="35" hits="1" branch="false" />
                <line number="36" hits="1" branch="false" />
                <line number="39" hits="1" branch="false" />
                <line number="40" hits="1" branch="false" />
                <line number="41" hits="1" branch="false" />
                <line number="42" hits="1" branch="false" />
                <line number="43" hits="1" branch="false" />
                <line number="45" hits="1" branch="false" />
                <line number="46" hits="1" branch="false" />
                <line number="47" hits="1" branch="false" />
                <line number="49" hits="1" branch="false" />
                <line number="50" hits="1" branch="false" />
                <line number="52" hits="1" branch="false" />
                <line number="53" hits="1" branch="false" />
                <line number="55" hits="1" branch="false" />
                <line number="56" hits="1" branch="false" />
                <line number="58" hits="1" branch="false" />
                <line number="59" hits="1" branch="false" />
              </lines>
            </method>
          </methods>
          <lines>
            <line number="11" hits="1" branch="false" />
            <line number="12" hits="1" branch="false" />
            <line number="13" hits="1" branch="false" />
            <line number="15" hits="1" branch="false" />
            <line number="16" hits="1" branch="false" />
            <line number="18" hits="1" branch="false" />
            <line number="19" hits="1" branch="false" />
            <line number="21" hits="1" branch="false" />
            <line number="22" hits="1" branch="false" />
            <line number="23" hits="1" branch="false" />
            <line number="24" hits="1" branch="false" />
            <line number="26" hits="1" branch="false" />
            <line number="27" hits="1" branch="false" />
            <line number="28" hits="1" branch="false" />
            <line number="30" hits="1" branch="false" />
            <line number="31" hits="1" branch="false" />
            <line number="34" hits="1" branch="false" />
            <line number="35" hits="1" branch="false" />
            <line number="36" hits="1" branch="false" />
            <line number="39" hits="1" branch="false" />
            <line number="40" hits="1" branch="false" />
            <line number="41" hits="1" branch="false" />
            <line number="42" hits="1" branch="false" />
            <line number="43" hits="1" branch="false" />
            <line number="45" hits="1" branch="false" />
            <line number="46" hits="1" branch="false" />
            <line number="47" hits="1" branch="false" />
            <line number="49" hits="1" branch="false" />
            <line number="50" hits="1" branch="false" />
            <line number="52" hits="1" branch="false" />
            <line number="53" hits="1" branch="false" />
            <line number="55" hits="1" branch="false" />
            <line number="56" hits="1" branch="false" />
            <line number="58" hits="1" branch="false" />
            <line number="59" hits="1" branch="false" />
          </lines>
        </class>
        <class name="PokemonBattleJournal.Scraper.Services.LimitlessMetaService" filename="C:\Users\pinku\source\repos\PinKushin\PokemonBattleJournal\PokemonBattleJournal.Scraper\Services\LimitlessMetaService.cs" line-rate="1" branch-rate="1" complexity="NaN">
          <methods>
            <method name="LimitlessMetaService" signature="(PokemonBattleJournal.Scraper.Interfaces.IMetaDeckFetcher, PokemonBattleJournal.Scraper.Interfaces.IMetaDeckParser, Microsoft.Extensions.Logging.ILogger&lt;PokemonBattleJournal.Scraper.Services.LimitlessMetaService&gt;)" line-rate="1" branch-rate="1">
              <lines>
                <line number="15" hits="1" branch="false" />
                <line number="16" hits="1" branch="false" />
                <line number="17" hits="1" branch="false" />
                <line number="18" hits="1" branch="false" />
                <line number="19" hits="1" branch="false" />
                <line number="20" hits="1" branch="false" />
              </lines>
            </method>
            <method name="GetTopDecksAsync" signature="()" line-rate="1" branch-rate="1">
              <lines>
                <line number="23" hits="1" branch="false" />
                <line number="26" hits="1" branch="false" />
                <line number="27" hits="1" branch="false" />
                <line number="28" hits="1" branch="false" />
                <line number="29" hits="1" branch="false" />
                <line number="32" hits="1" branch="false" />
                <line number="33" hits="1" branch="false" />
                <line number="34" hits="1" branch="false" />
                <line number="35" hits="1" branch="false" />
                <line number="36" hits="1" branch="false" />
                <line number="39" hits="1" branch="false" />
                <line number="40" hits="1" branch="false" />
              </lines>
            </method>
          </methods>
          <lines>
            <line number="15" hits="1" branch="false" />
            <line number="16" hits="1" branch="false" />
            <line number="17" hits="1" branch="false" />
            <line number="18" hits="1" branch="false" />
            <line number="19" hits="1" branch="false" />
            <line number="20" hits="1" branch="false" />
            <line number="23" hits="1" branch="false" />
            <line number="26" hits="1" branch="false" />
            <line number="27" hits="1" branch="false" />
            <line number="28" hits="1" branch="false" />
            <line number="29" hits="1" branch="false" />
            <line number="32" hits="1" branch="false" />
            <line number="33" hits="1" branch="false" />
            <line number="34" hits="1" branch="false" />
            <line number="35" hits="1" branch="false" />
            <line number="36" hits="1" branch="false" />
            <line number="39" hits="1" branch="false" />
            <line number="40" hits="1" branch="false" />
          </lines>
        </class>
        <class name="PokemonBattleJournal.Scraper.Services.MetaServiceFactory" filename="C:\Users\pinku\source\repos\PinKushin\PokemonBattleJournal\PokemonBattleJournal.Scraper\Services\MetaServiceFactory.cs" line-rate="1" branch-rate="1" complexity="NaN">
          <methods>
            <method name="MetaServiceFactory" signature="(PokemonBattleJournal.Scraper.Interfaces.IMetaDeckFetcher, PokemonBattleJournal.Scraper.Interfaces.IMetaDeckParser, Microsoft.Extensions.Logging.ILogger&lt;PokemonBattleJournal.Scraper.Services.LimitlessMetaService&gt;)" line-rate="1" branch-rate="1">
              <lines>
                <line number="12" hits="1" branch="false" />
                <line number="13" hits="1" branch="false" />
                <line number="14" hits="1" branch="false" />
                <line number="15" hits="1" branch="false" />
                <line number="16" hits="1" branch="false" />
                <line number="17" hits="1" branch="false" />
              </lines>
            </method>
            <method name="Create" signature="()" line-rate="1" branch-rate="1">
              <lines>
                <line number="19" hits="1" branch="false" />
              </lines>
            </method>
          </methods>
          <lines>
            <line number="12" hits="1" branch="false" />
            <line number="13" hits="1" branch="false" />
            <line number="14" hits="1" branch="false" />
            <line number="15" hits="1" branch="false" />
            <line number="16" hits="1" branch="false" />
            <line number="17" hits="1" branch="false" />
            <line number="19" hits="1" branch="false" />
          </lines>
        </class>
      </classes>
    </package>
  </packages>
</coverage>